--------------------------------------------------------------------------------
Release 14.7 Trace  (nt64)
Copyright (c) 1995-2013 Xilinx, Inc.  All rights reserved.

C:\Xilinx\14.7\ISE_DS\ISE\bin\nt64\unwrapped\trce.exe -intstyle ise -v 3 -s 3
-n 3 -fastpaths -xml top.twx top.ncd -o top.twr top.pcf -ucf final.ucf

Design file:              top.ncd
Physical constraint file: top.pcf
Device,package,speed:     xc6slx16,csg324,C,-3 (PRODUCTION 1.23 2013-10-13)
Report level:             verbose report

Environment Variable      Effect 
--------------------      ------ 
NONE                      No environment variables were set
--------------------------------------------------------------------------------

INFO:Timing:2698 - No timing constraints found, doing default enumeration.
INFO:Timing:3412 - To improve timing, see the Timing Closure User Guide (UG612).
INFO:Timing:2752 - To get complete path coverage, use the unconstrained paths 
   option. All paths that are not constrained will be reported in the 
   unconstrained paths section(s) of the report.
INFO:Timing:3339 - The clock-to-out numbers in this timing report are based on 
   a 50 Ohm transmission line loading model.  For the details of this model, 
   and for more information on accounting for different loading conditions, 
   please see the device datasheet.



Data Sheet report:
-----------------
All values displayed in nanoseconds (ns)

Setup/Hold to clock clk
------------+------------+------------+------------+------------+------------------+--------+
            |Max Setup to|  Process   |Max Hold to |  Process   |                  | Clock  |
Source      | clk (edge) |   Corner   | clk (edge) |   Corner   |Internal Clock(s) | Phase  |
------------+------------+------------+------------+------------+------------------+--------+
pin<2>      |    4.808(R)|      SLOW  |   -1.389(R)|      FAST  |clk_IBUF_BUFG     |   0.000|
rst_n       |    5.198(R)|      SLOW  |   -1.723(R)|      FAST  |clk_IBUF_BUFG     |   0.000|
------------+------------+------------+------------+------------+------------------+--------+

Clock clk to Pad
------------+-----------------+------------+-----------------+------------+------------------+--------+
            |Max (slowest) clk|  Process   |Min (fastest) clk|  Process   |                  | Clock  |
Destination |  (edge) to PAD  |   Corner   |  (edge) to PAD  |   Corner   |Internal Clock(s) | Phase  |
------------+-----------------+------------+-----------------+------------+------------------+--------+
LCD_ENABLE  |        10.701(R)|      SLOW  |         5.950(R)|      FAST  |clk_IBUF_BUFG     |   0.000|
audio_BCK   |         7.763(R)|      SLOW  |         4.113(R)|      FAST  |clk_IBUF_BUFG     |   0.000|
audio_DATA  |         8.567(R)|      SLOW  |         4.196(R)|      FAST  |clk_IBUF_BUFG     |   0.000|
audio_WS    |         7.955(R)|      SLOW  |         4.219(R)|      FAST  |clk_IBUF_BUFG     |   0.000|
------------+-----------------+------------+-----------------+------------+------------------+--------+

Clock pin<0> to Pad
------------+-----------------+------------+-----------------+------------+------------------+--------+
            |Max (slowest) clk|  Process   |Min (fastest) clk|  Process   |                  | Clock  |
Destination |  (edge) to PAD  |   Corner   |  (edge) to PAD  |   Corner   |Internal Clock(s) | Phase  |
------------+-----------------+------------+-----------------+------------+------------------+--------+
LED<1>      |         9.133(F)|      SLOW  |         5.205(F)|      FAST  |LED_1_G           |   0.000|
LED<2>      |         9.133(F)|      SLOW  |         5.205(F)|      FAST  |LED_1_G           |   0.000|
------------+-----------------+------------+-----------------+------------+------------------+--------+

Clock pin<1> to Pad
------------+-----------------+------------+-----------------+------------+------------------+--------+
            |Max (slowest) clk|  Process   |Min (fastest) clk|  Process   |                  | Clock  |
Destination |  (edge) to PAD  |   Corner   |  (edge) to PAD  |   Corner   |Internal Clock(s) | Phase  |
------------+-----------------+------------+-----------------+------------+------------------+--------+
LED<1>      |         8.758(F)|      SLOW  |         4.975(F)|      FAST  |LED_1_G           |   0.000|
LED<2>      |         8.758(F)|      SLOW  |         4.975(F)|      FAST  |LED_1_G           |   0.000|
------------+-----------------+------------+-----------------+------------+------------------+--------+

Clock to Setup on destination clock clk
---------------+---------+---------+---------+---------+
               | Src:Rise| Src:Fall| Src:Rise| Src:Fall|
Source Clock   |Dest:Rise|Dest:Rise|Dest:Fall|Dest:Fall|
---------------+---------+---------+---------+---------+
clk            |    9.584|         |         |         |
pin<0>         |         |   11.791|         |         |
pin<1>         |         |   11.791|         |         |
---------------+---------+---------+---------+---------+

Clock to Setup on destination clock pin<0>
---------------+---------+---------+---------+---------+
               | Src:Rise| Src:Fall| Src:Rise| Src:Fall|
Source Clock   |Dest:Rise|Dest:Rise|Dest:Fall|Dest:Fall|
---------------+---------+---------+---------+---------+
pin<0>         |         |         |    0.639|    0.639|
pin<1>         |         |         |    0.329|    0.329|
---------------+---------+---------+---------+---------+

Clock to Setup on destination clock pin<1>
---------------+---------+---------+---------+---------+
               | Src:Rise| Src:Fall| Src:Rise| Src:Fall|
Source Clock   |Dest:Rise|Dest:Rise|Dest:Fall|Dest:Fall|
---------------+---------+---------+---------+---------+
pin<0>         |         |         |    0.995|    0.995|
pin<1>         |         |         |    0.620|    0.620|
---------------+---------+---------+---------+---------+

Pad to Pad
---------------+---------------+---------+
Source Pad     |Destination Pad|  Delay  |
---------------+---------------+---------+
clk            |audio_SYSCLK   |    7.990|
pin<2>         |LCD_RST        |    8.831|
pin<2>         |LED<0>         |    6.048|
---------------+---------------+---------+


Analysis completed Tue Jun 16 17:05:16 2015 
--------------------------------------------------------------------------------

Trace Settings:
-------------------------
Trace Settings 

Peak Memory Usage: 252 MB



